<?xml version="1.0" encoding="UTF-8"?>
<testsuite xmlns:xsi="http://www.w3.org/2001/XMLSchema-instance" xsi:noNamespaceSchemaLocation="https://maven.apache.org/surefire/maven-surefire-plugin/xsd/surefire-test-report-3.0.xsd" version="3.0" name="com.foodorder.order.workflow.OrderWorkflowIntegrationTest" time="1.939" tests="9" errors="0" skipped="0" failures="0">
  <properties>
[...]
</properties>
  <testcase name="testPaymentDelegateSuccessfulPath" classname="com.foodorder.order.workflow.OrderWorkflowIntegrationTest" time="1.79">
    <system-out><![CDATA[21:33:43.652 [main] INFO com.foodorder.order.workflow.delegate.PaymentDelegate -- [OrderService] Order #456 - Payment Processing via null
]]></system-out>
  </testcase>
  <testcase name="testCancelledDelegate" classname="com.foodorder.order.workflow.OrderWorkflowIntegrationTest" time="0.009">
    <system-out><![CDATA[21:33:43.723 [main] INFO com.foodorder.order.workflow.delegate.CancelledDelegate -- [OrderService] Order #789 - Cancelled
]]></system-out>
  </testcase>
  <testcase name="testDeliveryDelegate" classname="com.foodorder.order.workflow.OrderWorkflowIntegrationTest" time="0.014">
    <system-out><![CDATA[21:33:43.736 [main] INFO com.foodorder.order.workflow.delegate.DeliveryDelegate -- [OrderService] Order #123 - Out for Delivery. Triggering Courier Rider Assignment via null
21:33:43.738 [main] INFO com.foodorder.order.workflow.delegate.DeliveryDelegate -- [OrderService] Courier assigned for Order #123. Rider: Courier-1, Status: ASSIGNED
]]></system-out>
  </testcase>
  <testcase name="testPaymentDelegateFailedPath" classname="com.foodorder.order.workflow.OrderWorkflowIntegrationTest" time="0.01">
    <system-out><![CDATA[21:33:43.749 [main] INFO com.foodorder.order.workflow.delegate.PaymentDelegate -- [OrderService] Order #789 - Payment Processing via null
]]></system-out>
  </testcase>
  <testcase name="testConsumerTriggersWorkflowStarter" classname="com.foodorder.order.workflow.OrderWorkflowIntegrationTest" time="0.01">
    <system-out><![CDATA[[ActiveMQ Consumer] Message Received for Order #123
21:33:43.764 [main] INFO com.foodorder.order.messaging.OrderCreatedConsumer -- [OrderService] Order #123 - Workflow started
21:33:43.764 [main] INFO com.foodorder.order.workflow.WorkflowStarter -- [OrderService] Order #123 - Camunda Workflow started with Instance ID: test-process-instance-id
[Camunda] Workflow Started for Order #123
]]></system-out>
  </testcase>
  <testcase name="testKitchenDelegate" classname="com.foodorder.order.workflow.OrderWorkflowIntegrationTest" time="0.01">
    <system-out><![CDATA[21:33:43.775 [main] INFO com.foodorder.order.workflow.delegate.KitchenDelegate -- [OrderService] Order #123 - Kitchen Preparation via null
]]></system-out>
  </testcase>
  <testcase name="testPaymentFailedDelegate" classname="com.foodorder.order.workflow.OrderWorkflowIntegrationTest" time="0.01">
    <system-out><![CDATA[21:33:43.788 [main] INFO com.foodorder.order.workflow.delegate.PaymentFailedDelegate -- [OrderService] Order #789 - Payment Failed
]]></system-out>
  </testcase>
  <testcase name="testDeliveredDelegate" classname="com.foodorder.order.workflow.OrderWorkflowIntegrationTest" time="0.007">
    <system-out><![CDATA[21:33:43.797 [main] INFO com.foodorder.order.workflow.delegate.DeliveredDelegate -- [OrderService] Order #123 - Delivered
]]></system-out>
  </testcase>
  <testcase name="testPaymentDelegateExceptionPath" classname="com.foodorder.order.workflow.OrderWorkflowIntegrationTest" time="0.016">
    <system-out><![CDATA[21:33:43.811 [main] INFO com.foodorder.order.workflow.delegate.PaymentDelegate -- [OrderService] Order #999 - Payment Processing via null
21:33:43.812 [main] ERROR com.foodorder.order.workflow.delegate.PaymentDelegate -- Error communicating with Payment Service for Order #999
org.springframework.web.client.RestClientException: Connection Refused
	at org.springframework.web.client.RestTemplate.postForObject(RestTemplate.java:504)
	at com.foodorder.order.workflow.delegate.PaymentDelegate.execute(PaymentDelegate.java:52)
	at com.foodorder.order.workflow.OrderWorkflowIntegrationTest.testPaymentDelegateExceptionPath(OrderWorkflowIntegrationTest.java:138)
	at java.base/jdk.internal.reflect.NativeMethodAccessorImpl.invoke0(Native Method)
	at java.base/jdk.internal.reflect.NativeMethodAccessorImpl.invoke(NativeMethodAccessorImpl.java:77)
	at java.base/jdk.internal.reflect.DelegatingMethodAccessorImpl.invoke(DelegatingMethodAccessorImpl.java:43)
	at java.base/java.lang.reflect.Method.invoke(Method.java:568)
	at org.junit.platform.commons.util.ReflectionUtils.invokeMethod(ReflectionUtils.java:728)
	at org.junit.jupiter.engine.execution.MethodInvocation.proceed(MethodInvocation.java:60)
	at org.junit.jupiter.engine.execution.InvocationInterceptorChain$ValidatingInvocation.proceed(InvocationInterceptorChain.java:131)
	at org.junit.jupiter.engine.extension.TimeoutExtension.intercept(TimeoutExtension.java:156)
	at org.junit.jupiter.engine.extension.TimeoutExtension.interceptTestableMethod(TimeoutExtension.java:147)
	at org.junit.jupiter.engine.extension.TimeoutExtension.interceptTestMethod(TimeoutExtension.java:86)
	at org.junit.jupiter.engine.execution.InterceptingExecutableInvoker$ReflectiveInterceptorCall.lambda$ofVoidMethod$0(InterceptingExecutableInvoker.java:103)
	at org.junit.jupiter.engine.execution.InterceptingExecutableInvoker.lambda$invoke$0(InterceptingExecutableInvoker.java:93)
	at org.junit.jupiter.engine.execution.InvocationInterceptorChain$InterceptedInvocation.proceed(InvocationInterceptorChain.java:106)
	at org.junit.jupiter.engine.execution.InvocationInterceptorChain.proceed(InvocationInterceptorChain.java:64)
	at org.junit.jupiter.engine.execution.InvocationInterceptorChain.chainAndInvoke(InvocationInterceptorChain.java:45)
	at org.junit.jupiter.engine.execution.InvocationInterceptorChain.invoke(InvocationInterceptorChain.java:37)
	at org.junit.jupiter.engine.execution.InterceptingExecutableInvoker.invoke(InterceptingExecutableInvoker.java:92)
	at org.junit.jupiter.engine.execution.InterceptingExecutableInvoker.invoke(InterceptingExecutableInvoker.java:86)
	at org.junit.jupiter.engine.descriptor.TestMethodTestDescriptor.lambda$invokeTestMethod$7(TestMethodTestDescriptor.java:218)
	at org.junit.platform.engine.support.hierarchical.ThrowableCollector.execute(ThrowableCollector.java:73)
	at org.junit.jupiter.engine.descriptor.TestMethodTestDescriptor.invokeTestMethod(TestMethodTestDescriptor.java:214)
	at org.junit.jupiter.engine.descriptor.TestMethodTestDescriptor.execute(TestMethodTestDescriptor.java:139)
	at org.junit.jupiter.engine.descriptor.TestMethodTestDescriptor.execute(TestMethodTestDescriptor.java:69)
	at org.junit.platform.engine.support.hierarchical.NodeTestTask.lambda$executeRecursively$6(NodeTestTask.java:151)
	at org.junit.platform.engine.support.hierarchical.ThrowableCollector.execute(ThrowableCollector.java:73)
	at org.junit.platform.engine.support.hierarchical.NodeTestTask.lambda$executeRecursively$8(NodeTestTask.java:141)
	at org.junit.platform.engine.support.hierarchical.Node.around(Node.java:137)
	at org.junit.platform.engine.support.hierarchical.NodeTestTask.lambda$executeRecursively$9(NodeTestTask.java:139)
	at org.junit.platform.engine.support.hierarchical.ThrowableCollector.execute(ThrowableCollector.java:73)
	at org.junit.platform.engine.support.hierarchical.NodeTestTask.executeRecursively(NodeTestTask.java:138)
	at org.junit.platform.engine.support.hierarchical.NodeTestTask.execute(NodeTestTask.java:95)
	at java.base/java.util.ArrayList.forEach(ArrayList.java:1511)
	at org.junit.platform.engine.support.hierarchical.SameThreadHierarchicalTestExecutorService.invokeAll(SameThreadHierarchicalTestExecutorService.java:41)
	at org.junit.platform.engine.support.hierarchical.NodeTestTask.lambda$executeRecursively$6(NodeTestTask.java:155)
	at org.junit.platform.engine.support.hierarchical.ThrowableCollector.execute(ThrowableCollector.java:73)
	at org.junit.platform.engine.support.hierarchical.NodeTestTask.lambda$executeRecursively$8(NodeTestTask.java:141)
	at org.junit.platform.engine.support.hierarchical.Node.around(Node.java:137)
	at org.junit.platform.engine.support.hierarchical.NodeTestTask.lambda$executeRecursively$9(NodeTestTask.java:139)
	at org.junit.platform.engine.support.hierarchical.ThrowableCollector.execute(ThrowableCollector.java:73)
	at org.junit.platform.engine.support.hierarchical.NodeTestTask.executeRecursively(NodeTestTask.java:138)
	at org.junit.platform.engine.support.hierarchical.NodeTestTask.execute(NodeTestTask.java:95)
	at java.base/java.util.ArrayList.forEach(ArrayList.java:1511)
	at org.junit.platform.engine.support.hierarchical.SameThreadHierarchicalTestExecutorService.invokeAll(SameThreadHierarchicalTestExecutorService.java:41)
	at org.junit.platform.engine.support.hierarchical.NodeTestTask.lambda$executeRecursively$6(NodeTestTask.java:155)
	at org.junit.platform.engine.support.hierarchical.ThrowableCollector.execute(ThrowableCollector.java:73)
	at org.junit.platform.engine.support.hierarchical.NodeTestTask.lambda$executeRecursively$8(NodeTestTask.java:141)
	at org.junit.platform.engine.support.hierarchical.Node.around(Node.java:137)
	at org.junit.platform.engine.support.hierarchical.NodeTestTask.lambda$executeRecursively$9(NodeTestTask.java:139)
	at org.junit.platform.engine.support.hierarchical.ThrowableCollector.execute(ThrowableCollector.java:73)
	at org.junit.platform.engine.support.hierarchical.NodeTestTask.executeRecursively(NodeTestTask.java:138)
	at org.junit.platform.engine.support.hierarchical.NodeTestTask.execute(NodeTestTask.java:95)
	at org.junit.platform.engine.support.hierarchical.SameThreadHierarchicalTestExecutorService.submit(SameThreadHierarchicalTestExecutorService.java:35)
	at org.junit.platform.engine.support.hierarchical.HierarchicalTestExecutor.execute(HierarchicalTestExecutor.java:57)
	at org.junit.platform.engine.support.hierarchical.HierarchicalTestEngine.execute(HierarchicalTestEngine.java:54)
	at org.junit.platform.launcher.core.EngineExecutionOrchestrator.execute(EngineExecutionOrchestrator.java:198)
	at org.junit.platform.launcher.core.EngineExecutionOrchestrator.execute(EngineExecutionOrchestrator.java:169)
	at org.junit.platform.launcher.core.EngineExecutionOrchestrator.execute(EngineExecutionOrchestrator.java:93)
	at org.junit.platform.launcher.core.EngineExecutionOrchestrator.lambda$execute$0(EngineExecutionOrchestrator.java:58)
	at org.junit.platform.launcher.core.EngineExecutionOrchestrator.withInterceptedStreams(EngineExecutionOrchestrator.java:141)
	at org.junit.platform.launcher.core.EngineExecutionOrchestrator.execute(EngineExecutionOrchestrator.java:57)
	at org.junit.platform.launcher.core.DefaultLauncher.execute(DefaultLauncher.java:103)
	at org.junit.platform.launcher.core.DefaultLauncher.execute(DefaultLauncher.java:85)
	at org.junit.platform.launcher.core.DelegatingLauncher.execute(DelegatingLauncher.java:47)
	at org.apache.maven.surefire.junitplatform.LazyLauncher.execute(LazyLauncher.java:56)
	at org.apache.maven.surefire.junitplatform.JUnitPlatformProvider.execute(JUnitPlatformProvider.java:184)
	at org.apache.maven.surefire.junitplatform.JUnitPlatformProvider.invokeAllTests(JUnitPlatformProvider.java:148)
	at org.apache.maven.surefire.junitplatform.JUnitPlatformProvider.invoke(JUnitPlatformProvider.java:122)
	at org.apache.maven.surefire.booter.ForkedBooter.runSuitesInProcess(ForkedBooter.java:385)
	at org.apache.maven.surefire.booter.ForkedBooter.execute(ForkedBooter.java:162)
	at org.apache.maven.surefire.booter.ForkedBooter.run(ForkedBooter.java:507)
	at org.apache.maven.surefire.booter.ForkedBooter.main(ForkedBooter.java:495)
]]></system-out>
  </testcase>
</testsuite>